[2024-05-17 16:26:20.076] [mainLogger] [debug] DEBUG
[2024-05-17 16:26:20.076] [mainLogger] [info] INFO
[2024-05-17 16:26:20.076] [mainLogger] [warning] WARN
[2024-05-17 16:26:20.076] [mainLogger] [error] ERROR
[2024-05-17 16:26:20.076] [mainLogger] [critical] CRITICAL
[2024-05-17 16:26:20.076] [mainLogger] [warning] WARN
[2024-05-17 16:26:20.076] [mainLogger] [error] ERROR
[2024-05-17 16:26:20.076] [mainLogger] [critical] CRITICAL
17.05.2024 16:26:20: [D] [mainLogger] DEBUG
17.05.2024 16:26:20: [I] [mainLogger] INFO
17.05.2024 16:26:20: [W] [mainLogger] WARN
17.05.2024 16:26:20: [E] [mainLogger] ERROR
17.05.2024 16:26:20: [C] [mainLogger] CRITICAL
17.05.2024 16:26:20: [D] [mainLogger] DEBUG
17.05.2024 16:26:20: [I] [mainLogger] INFO
17.05.2024 16:26:20: [W] [mainLogger] WARN
17.05.2024 16:26:20: [E] [mainLogger] ERROR
17.05.2024 16:26:20: [C] [mainLogger] CRITICAL
[2024-05-17 16:27:17.829] [mainLogger] [debug] DEBUG
[2024-05-17 16:27:17.829] [mainLogger] [info] INFO
[2024-05-17 16:27:17.829] [mainLogger] [warning] WARN
[2024-05-17 16:27:17.829] [mainLogger] [error] ERROR
[2024-05-17 16:27:17.829] [mainLogger] [critical] CRITICAL
[2024-05-17 16:27:17.829] [mainLogger] [warning] WARN
[2024-05-17 16:27:17.829] [mainLogger] [error] ERROR
[2024-05-17 16:27:17.829] [mainLogger] [critical] CRITICAL
17.05.2024 16:27:17: [D] [mainLogger] DEBUG
17.05.2024 16:27:17: [I] [mainLogger] INFO
17.05.2024 16:27:17: [W] [mainLogger] WARN
17.05.2024 16:27:17: [E] [mainLogger] ERROR
17.05.2024 16:27:17: [C] [mainLogger] CRITICAL
17.05.2024 16:27:17: [D] [mainLogger] DEBUG
17.05.2024 16:27:17: [I] [mainLogger] INFO
17.05.2024 16:27:17: [W] [mainLogger] WARN
17.05.2024 16:27:17: [E] [mainLogger] ERROR
17.05.2024 16:27:17: [C] [mainLogger] CRITICAL
